<?xml version="1.0" encoding="UTF-8"?>
<coverage generated="1598372498163" clover="3.2.0">
  <project timestamp="1598372498163" name="All files">
    <metrics statements="106" coveredstatements="77" conditionals="90" coveredconditionals="47" methods="31" coveredmethods="24" elements="227" coveredelements="148" complexity="0" loc="106" ncloc="106" packages="1" files="1" classes="1"/>
    <file name="tree.ts" path="/home/andmzr/funstruct/src/tree/tree.ts">
      <metrics statements="106" coveredstatements="77" conditionals="90" coveredconditionals="47" methods="31" coveredmethods="24"/>
      <line num="2" count="0" type="stmt"/>
      <line num="3" count="0" type="stmt"/>
      <line num="4" count="0" type="cond" truecount="0" falsecount="2"/>
      <line num="5" count="0" type="stmt"/>
      <line num="49" count="1" type="stmt"/>
      <line num="63" count="7" type="stmt"/>
      <line num="77" count="0" type="cond" truecount="0" falsecount="2"/>
      <line num="78" count="0" type="stmt"/>
      <line num="79" count="0" type="cond" truecount="0" falsecount="2"/>
      <line num="81" count="0" type="stmt"/>
      <line num="85" count="60" type="stmt"/>
      <line num="91" count="60" type="cond" truecount="4" falsecount="2"/>
      <line num="92" count="60" type="stmt"/>
      <line num="93" count="60" type="stmt"/>
      <line num="96" count="0" type="stmt"/>
      <line num="97" count="0" type="cond" truecount="0" falsecount="2"/>
      <line num="98" count="0" type="stmt"/>
      <line num="99" count="0" type="cond" truecount="0" falsecount="2"/>
      <line num="100" count="0" type="stmt"/>
      <line num="104" count="0" type="stmt"/>
      <line num="108" count="8" type="stmt"/>
      <line num="109" count="8" type="cond" truecount="1" falsecount="1"/>
      <line num="110" count="0" type="stmt"/>
      <line num="112" count="8" type="cond" truecount="2" falsecount="0"/>
      <line num="114" count="7" type="stmt"/>
      <line num="115" count="7" type="cond" truecount="1" falsecount="1"/>
      <line num="116" count="0" type="stmt"/>
      <line num="118" count="7" type="stmt"/>
      <line num="120" count="7" type="stmt"/>
      <line num="124" count="550" type="stmt"/>
      <line num="128" count="1" type="stmt"/>
      <line num="129" count="1" type="cond" truecount="1" falsecount="1"/>
      <line num="130" count="0" type="stmt"/>
      <line num="132" count="1" type="stmt"/>
      <line num="136" count="71" type="stmt"/>
      <line num="137" count="71" type="cond" truecount="1" falsecount="1"/>
      <line num="138" count="0" type="stmt"/>
      <line num="140" count="71" type="stmt"/>
      <line num="143" count="8" type="stmt"/>
      <line num="146" count="8" type="stmt"/>
      <line num="149" count="0" type="stmt"/>
      <line num="156" count="43" type="cond" truecount="1" falsecount="1"/>
      <line num="161" count="52" type="cond" truecount="1" falsecount="1"/>
      <line num="162" count="52" type="stmt"/>
      <line num="164" count="0" type="stmt"/>
      <line num="174" count="146" type="stmt"/>
      <line num="175" count="146" type="cond" truecount="2" falsecount="0"/>
      <line num="176" count="52" type="stmt"/>
      <line num="179" count="94" type="cond" truecount="1" falsecount="1"/>
      <line num="180" count="0" type="stmt"/>
      <line num="186" count="94" type="stmt"/>
      <line num="193" count="1" type="stmt"/>
      <line num="194" count="1" type="stmt"/>
      <line num="195" count="1" type="stmt"/>
      <line num="201" count="1" type="stmt"/>
      <line num="206" count="1" type="stmt"/>
      <line num="207" count="7" type="stmt"/>
      <line num="212" count="51" type="stmt"/>
      <line num="213" count="51" type="cond" truecount="1" falsecount="1"/>
      <line num="214" count="51" type="stmt"/>
      <line num="222" count="43" type="stmt"/>
      <line num="223" count="43" type="stmt"/>
      <line num="224" count="43" type="stmt"/>
      <line num="229" count="43" type="stmt"/>
      <line num="236" count="43" type="stmt"/>
      <line num="237" count="43" type="stmt"/>
      <line num="238" count="43" type="cond" truecount="1" falsecount="1"/>
      <line num="239" count="0" type="stmt"/>
      <line num="243" count="43" type="stmt"/>
      <line num="250" count="0" type="stmt"/>
      <line num="251" count="0" type="cond" truecount="0" falsecount="2"/>
      <line num="252" count="0" type="stmt"/>
      <line num="253" count="0" type="cond" truecount="0" falsecount="8"/>
      <line num="254" count="0" type="stmt"/>
      <line num="262" count="2" type="stmt"/>
      <line num="263" count="2" type="stmt"/>
      <line num="267" count="10" type="cond" truecount="2" falsecount="0"/>
      <line num="268" count="8" type="stmt"/>
      <line num="269" count="8" type="cond" truecount="2" falsecount="0"/>
      <line num="270" count="3" type="stmt"/>
      <line num="271" count="6" type="stmt"/>
      <line num="272" count="6" type="cond" truecount="1" falsecount="1"/>
      <line num="273" count="6" type="stmt"/>
      <line num="275" count="3" type="stmt"/>
      <line num="277" count="2" type="cond" truecount="7" falsecount="3"/>
      <line num="278" count="2" type="stmt"/>
      <line num="283" count="2" type="cond" truecount="1" falsecount="1"/>
      <line num="284" count="2" type="stmt"/>
      <line num="285" count="2" type="stmt"/>
      <line num="286" count="2" type="cond" truecount="1" falsecount="1"/>
      <line num="287" count="2" type="stmt"/>
      <line num="289" count="2" type="stmt"/>
      <line num="291" count="2" type="stmt"/>
      <line num="300" count="1" type="stmt"/>
      <line num="301" count="1" type="stmt"/>
      <line num="302" count="1" type="cond" truecount="1" falsecount="1"/>
      <line num="304" count="1" type="stmt"/>
      <line num="305" count="1" type="cond" truecount="1" falsecount="1"/>
      <line num="306" count="0" type="stmt"/>
      <line num="308" count="1" type="stmt"/>
      <line num="310" count="0" type="stmt"/>
      <line num="313" count="8" type="stmt"/>
      <line num="317" count="7" type="stmt"/>
      <line num="323" count="5" type="stmt"/>
      <line num="324" count="32" type="stmt"/>
      <line num="325" count="32" type="stmt"/>
    </file>
  </project>
</coverage>
