{"/home/andmzr/funstruct/src/tree/tree.ts": {"path":"/home/andmzr/funstruct/src/tree/tree.ts","statementMap":{"0":{"start":{"line":2,"column":2},"end":{"line":6,"column":5}},"1":{"start":{"line":3,"column":12},"end":{"line":3,"column":36}},"2":{"start":{"line":4,"column":10},"end":{"line":4,"column":40}},"3":{"start":{"line":5,"column":4},"end":{"line":5,"column":26}},"4":{"start":{"line":85,"column":12},"end":{"line":85,"column":57}},"5":{"start":{"line":91,"column":4},"end":{"line":91,"column":38}},"6":{"start":{"line":92,"column":4},"end":{"line":92,"column":29}},"7":{"start":{"line":93,"column":4},"end":{"line":93,"column":43}},"8":{"start":{"line":63,"column":4},"end":{"line":70,"column":6}},"9":{"start":{"line":77,"column":6},"end":{"line":77,"column":64}},"10":{"start":{"line":78,"column":4},"end":{"line":80,"column":null}},"11":{"start":{"line":79,"column":6},"end":{"line":79,"column":74}},"12":{"start":{"line":79,"column":31},"end":{"line":79,"column":74}},"13":{"start":{"line":81,"column":4},"end":{"line":81,"column":50}},"14":{"start":{"line":96,"column":21},"end":{"line":96,"column":38}},"15":{"start":{"line":97,"column":4},"end":{"line":97,"column":38}},"16":{"start":{"line":97,"column":26},"end":{"line":97,"column":38}},"17":{"start":{"line":98,"column":20},"end":{"line":98,"column":39}},"18":{"start":{"line":99,"column":4},"end":{"line":103,"column":null}},"19":{"start":{"line":100,"column":6},"end":{"line":102,"column":8}},"20":{"start":{"line":104,"column":4},"end":{"line":104,"column":19}},"21":{"start":{"line":108,"column":17},"end":{"line":108,"column":39}},"22":{"start":{"line":109,"column":4},"end":{"line":111,"column":null}},"23":{"start":{"line":110,"column":6},"end":{"line":110,"column":78}},"24":{"start":{"line":112,"column":4},"end":{"line":120,"column":53}},"25":{"start":{"line":114,"column":22},"end":{"line":114,"column":35}},"26":{"start":{"line":115,"column":8},"end":{"line":117,"column":null}},"27":{"start":{"line":116,"column":10},"end":{"line":116,"column":17}},"28":{"start":{"line":118,"column":8},"end":{"line":118,"column":21}},"29":{"start":{"line":120,"column":48},"end":{"line":120,"column":51}},"30":{"start":{"line":124,"column":4},"end":{"line":124,"column":22}},"31":{"start":{"line":128,"column":21},"end":{"line":128,"column":55}},"32":{"start":{"line":128,"column":38},"end":{"line":128,"column":54}},"33":{"start":{"line":129,"column":4},"end":{"line":131,"column":null}},"34":{"start":{"line":130,"column":6},"end":{"line":130,"column":62}},"35":{"start":{"line":132,"column":4},"end":{"line":132,"column":20}},"36":{"start":{"line":136,"column":14},"end":{"line":136,"column":36}},"37":{"start":{"line":137,"column":4},"end":{"line":139,"column":null}},"38":{"start":{"line":138,"column":6},"end":{"line":138,"column":70}},"39":{"start":{"line":140,"column":4},"end":{"line":140,"column":13}},"40":{"start":{"line":143,"column":4},"end":{"line":143,"column":27}},"41":{"start":{"line":146,"column":4},"end":{"line":146,"column":31}},"42":{"start":{"line":149,"column":4},"end":{"line":152,"column":7}},"43":{"start":{"line":156,"column":4},"end":{"line":156,"column":47}},"44":{"start":{"line":161,"column":4},"end":{"line":163,"column":null}},"45":{"start":{"line":162,"column":6},"end":{"line":162,"column":54}},"46":{"start":{"line":164,"column":4},"end":{"line":170,"column":null}},"47":{"start":{"line":174,"column":23},"end":{"line":174,"column":49}},"48":{"start":{"line":175,"column":4},"end":{"line":177,"column":null}},"49":{"start":{"line":176,"column":6},"end":{"line":176,"column":67}},"50":{"start":{"line":179,"column":4},"end":{"line":184,"column":null}},"51":{"start":{"line":180,"column":6},"end":{"line":183,"column":8}},"52":{"start":{"line":186,"column":4},"end":{"line":189,"column":7}},"53":{"start":{"line":193,"column":23},"end":{"line":193,"column":56}},"54":{"start":{"line":194,"column":21},"end":{"line":194,"column":36}},"55":{"start":{"line":195,"column":4},"end":{"line":200,"column":7}},"56":{"start":{"line":201,"column":4},"end":{"line":204,"column":7}},"57":{"start":{"line":206,"column":4},"end":{"line":208,"column":null}},"58":{"start":{"line":207,"column":6},"end":{"line":207,"column":26}},"59":{"start":{"line":212,"column":17},"end":{"line":212,"column":34}},"60":{"start":{"line":213,"column":4},"end":{"line":213,"column":29}},"61":{"start":{"line":213,"column":22},"end":{"line":213,"column":29}},"62":{"start":{"line":214,"column":4},"end":{"line":214,"column":60}},"63":{"start":{"line":222,"column":22},"end":{"line":222,"column":41}},"64":{"start":{"line":223,"column":21},"end":{"line":223,"column":31}},"65":{"start":{"line":224,"column":4},"end":{"line":227,"column":7}},"66":{"start":{"line":229,"column":20},"end":{"line":234,"column":6}},"67":{"start":{"line":236,"column":4},"end":{"line":236,"column":39}},"68":{"start":{"line":237,"column":24},"end":{"line":237,"column":44}},"69":{"start":{"line":238,"column":4},"end":{"line":242,"column":null}},"70":{"start":{"line":239,"column":6},"end":{"line":241,"column":8}},"71":{"start":{"line":243,"column":4},"end":{"line":243,"column":23}},"72":{"start":{"line":250,"column":17},"end":{"line":250,"column":39}},"73":{"start":{"line":251,"column":4},"end":{"line":251,"column":29}},"74":{"start":{"line":251,"column":22},"end":{"line":251,"column":29}},"75":{"start":{"line":252,"column":4},"end":{"line":252,"column":45}},"76":{"start":{"line":252,"column":33},"end":{"line":252,"column":43}},"77":{"start":{"line":253,"column":4},"end":{"line":253,"column":44}},"78":{"start":{"line":254,"column":4},"end":{"line":254,"column":30}},"79":{"start":{"line":262,"column":20},"end":{"line":262,"column":64}},"80":{"start":{"line":263,"column":22},"end":{"line":290,"column":5}},"81":{"start":{"line":267,"column":6},"end":{"line":276,"column":null}},"82":{"start":{"line":268,"column":24},"end":{"line":268,"column":58}},"83":{"start":{"line":269,"column":8},"end":{"line":269,"column":47}},"84":{"start":{"line":269,"column":35},"end":{"line":269,"column":47}},"85":{"start":{"line":270,"column":8},"end":{"line":274,"column":null}},"86":{"start":{"line":271,"column":20},"end":{"line":271,"column":40}},"87":{"start":{"line":272,"column":10},"end":{"line":272,"column":34}},"88":{"start":{"line":272,"column":25},"end":{"line":272,"column":34}},"89":{"start":{"line":273,"column":10},"end":{"line":273,"column":32}},"90":{"start":{"line":275,"column":8},"end":{"line":275,"column":20}},"91":{"start":{"line":277,"column":20},"end":{"line":277,"column":56}},"92":{"start":{"line":278,"column":22},"end":{"line":281,"column":null}},"93":{"start":{"line":283,"column":6},"end":{"line":283,"column":54}},"94":{"start":{"line":283,"column":39},"end":{"line":283,"column":54}},"95":{"start":{"line":284,"column":6},"end":{"line":288,"column":null}},"96":{"start":{"line":285,"column":18},"end":{"line":285,"column":38}},"97":{"start":{"line":286,"column":8},"end":{"line":286,"column":32}},"98":{"start":{"line":286,"column":23},"end":{"line":286,"column":32}},"99":{"start":{"line":287,"column":8},"end":{"line":287,"column":30}},"100":{"start":{"line":289,"column":6},"end":{"line":289,"column":21}},"101":{"start":{"line":291,"column":4},"end":{"line":291,"column":33}},"102":{"start":{"line":300,"column":4},"end":{"line":309,"column":null}},"103":{"start":{"line":301,"column":21},"end":{"line":301,"column":45}},"104":{"start":{"line":302,"column":6},"end":{"line":302,"column":28}},"105":{"start":{"line":302,"column":19},"end":{"line":302,"column":28}},"106":{"start":{"line":304,"column":17},"end":{"line":304,"column":30}},"107":{"start":{"line":305,"column":6},"end":{"line":307,"column":null}},"108":{"start":{"line":306,"column":8},"end":{"line":306,"column":42}},"109":{"start":{"line":308,"column":6},"end":{"line":308,"column":16}},"110":{"start":{"line":310,"column":4},"end":{"line":310,"column":11}},"111":{"start":{"line":313,"column":4},"end":{"line":319,"column":6}},"112":{"start":{"line":317,"column":8},"end":{"line":317,"column":26}},"113":{"start":{"line":323,"column":4},"end":{"line":326,"column":56}},"114":{"start":{"line":324,"column":6},"end":{"line":324,"column":22}},"115":{"start":{"line":325,"column":6},"end":{"line":325,"column":17}},"116":{"start":{"line":49,"column":0},"end":{"line":49,"column":13}}},"fnMap":{"0":{"name":"uuidv4","decl":{"start":{"line":1,"column":9},"end":{"line":1,"column":15}},"loc":{"start":{"line":1,"column":15},"end":{"line":7,"column":1}}},"1":{"name":"(anonymous_1)","decl":{"start":{"line":2,"column":65},"end":{"line":2,"column":75}},"loc":{"start":{"line":2,"column":76},"end":{"line":6,"column":3}}},"2":{"name":"(anonymous_2)","decl":{"start":{"line":84,"column":2},"end":{"line":84,"column":null}},"loc":{"start":{"line":89,"column":5},"end":{"line":94,"column":3}}},"3":{"name":"(anonymous_3)","decl":{"start":{"line":56,"column":2},"end":{"line":56,"column":8}},"loc":{"start":{"line":62,"column":46},"end":{"line":71,"column":3}}},"4":{"name":"(anonymous_4)","decl":{"start":{"line":72,"column":2},"end":{"line":72,"column":8}},"loc":{"start":{"line":74,"column":40},"end":{"line":82,"column":3}}},"5":{"name":"(anonymous_5)","decl":{"start":{"line":95,"column":2},"end":{"line":95,"column":6}},"loc":{"start":{"line":95,"column":12},"end":{"line":105,"column":3}}},"6":{"name":"(anonymous_6)","decl":{"start":{"line":107,"column":2},"end":{"line":107,"column":6}},"loc":{"start":{"line":107,"column":14},"end":{"line":121,"column":3}}},"7":{"name":"(anonymous_7)","decl":{"start":{"line":113,"column":11},"end":{"line":113,"column":12}},"loc":{"start":{"line":113,"column":18},"end":{"line":119,"column":7}}},"8":{"name":"(anonymous_8)","decl":{"start":{"line":120,"column":14},"end":{"line":120,"column":15}},"loc":{"start":{"line":120,"column":48},"end":{"line":120,"column":51}}},"9":{"name":"(anonymous_9)","decl":{"start":{"line":123,"column":2},"end":{"line":123,"column":6}},"loc":{"start":{"line":123,"column":10},"end":{"line":125,"column":3}}},"10":{"name":"(anonymous_10)","decl":{"start":{"line":127,"column":2},"end":{"line":127,"column":6}},"loc":{"start":{"line":127,"column":10},"end":{"line":133,"column":3}}},"11":{"name":"(anonymous_11)","decl":{"start":{"line":128,"column":31},"end":{"line":128,"column":32}},"loc":{"start":{"line":128,"column":38},"end":{"line":128,"column":54}}},"12":{"name":"(anonymous_12)","decl":{"start":{"line":135,"column":2},"end":{"line":135,"column":6}},"loc":{"start":{"line":135,"column":11},"end":{"line":141,"column":3}}},"13":{"name":"(anonymous_13)","decl":{"start":{"line":142,"column":2},"end":{"line":142,"column":6}},"loc":{"start":{"line":142,"column":10},"end":{"line":144,"column":3}}},"14":{"name":"(anonymous_14)","decl":{"start":{"line":145,"column":2},"end":{"line":145,"column":6}},"loc":{"start":{"line":145,"column":14},"end":{"line":147,"column":3}}},"15":{"name":"(anonymous_15)","decl":{"start":{"line":148,"column":2},"end":{"line":148,"column":6}},"loc":{"start":{"line":148,"column":18},"end":{"line":153,"column":3}}},"16":{"name":"(anonymous_16)","decl":{"start":{"line":155,"column":10},"end":{"line":155,"column":22}},"loc":{"start":{"line":155,"column":22},"end":{"line":157,"column":3}}},"17":{"name":"(anonymous_17)","decl":{"start":{"line":158,"column":10},"end":{"line":158,"column":20}},"loc":{"start":{"line":159,"column":39},"end":{"line":172,"column":3}}},"18":{"name":"(anonymous_18)","decl":{"start":{"line":173,"column":10},"end":{"line":173,"column":30}},"loc":{"start":{"line":173,"column":66},"end":{"line":190,"column":3}}},"19":{"name":"(anonymous_19)","decl":{"start":{"line":192,"column":2},"end":{"line":192,"column":7}},"loc":{"start":{"line":192,"column":34},"end":{"line":209,"column":3}}},"20":{"name":"(anonymous_20)","decl":{"start":{"line":211,"column":2},"end":{"line":211,"column":6}},"loc":{"start":{"line":211,"column":17},"end":{"line":215,"column":3}}},"21":{"name":"(anonymous_21)","decl":{"start":{"line":221,"column":2},"end":{"line":221,"column":5}},"loc":{"start":{"line":221,"column":46},"end":{"line":244,"column":3}}},"22":{"name":"(anonymous_22)","decl":{"start":{"line":249,"column":2},"end":{"line":249,"column":8}},"loc":{"start":{"line":249,"column":8},"end":{"line":255,"column":3}}},"23":{"name":"(anonymous_23)","decl":{"start":{"line":252,"column":26},"end":{"line":252,"column":27}},"loc":{"start":{"line":252,"column":33},"end":{"line":252,"column":43}}},"24":{"name":"(anonymous_24)","decl":{"start":{"line":261,"column":2},"end":{"line":261,"column":7}},"loc":{"start":{"line":261,"column":51},"end":{"line":292,"column":3}}},"25":{"name":"(anonymous_25)","decl":{"start":{"line":263,"column":22},"end":{"line":263,"column":null}},"loc":{"start":{"line":266,"column":30},"end":{"line":290,"column":5}}},"26":{"name":"(anonymous_26)","decl":{"start":{"line":293,"column":2},"end":{"line":293,"column":6}},"loc":{"start":{"line":298,"column":16},"end":{"line":311,"column":3}}},"27":{"name":"(anonymous_27)","decl":{"start":{"line":312,"column":2},"end":{"line":312,"column":8}},"loc":{"start":{"line":312,"column":8},"end":{"line":320,"column":3}}},"28":{"name":"(anonymous_28)","decl":{"start":{"line":316,"column":34},"end":{"line":316,"column":35}},"loc":{"start":{"line":316,"column":40},"end":{"line":318,"column":7}}},"29":{"name":"(anonymous_29)","decl":{"start":{"line":322,"column":2},"end":{"line":322,"column":8}},"loc":{"start":{"line":322,"column":8},"end":{"line":327,"column":3}}},"30":{"name":"(anonymous_30)","decl":{"start":{"line":323,"column":40},"end":{"line":323,"column":41}},"loc":{"start":{"line":323,"column":61},"end":{"line":326,"column":5}}}},"branchMap":{"0":{"loc":{"start":{"line":4,"column":21},"end":{"line":4,"column":22}},"type":"cond-expr","locations":[{"start":{"line":4,"column":21},"end":{"line":4,"column":22}},{"start":{"line":4,"column":25},"end":{"line":4,"column":40}}]},"1":{"loc":{"start":{"line":91,"column":17},"end":{"line":91,"column":31}},"type":"binary-expr","locations":[{"start":{"line":91,"column":17},"end":{"line":91,"column":31}},{"start":{"line":91,"column":35},"end":{"line":91,"column":37}}]},"2":{"loc":{"start":{"line":91,"column":24},"end":{"line":91,"column":26}},"type":"cond-expr","locations":[{"start":{"line":91,"column":24},"end":{"line":91,"column":26}},{"start":{"line":91,"column":17},"end":{"line":91,"column":31}}]},"3":{"loc":{"start":{"line":91,"column":17},"end":{"line":91,"column":26}},"type":"binary-expr","locations":[{"start":{"line":91,"column":17},"end":{"line":91,"column":26}},{"start":{"line":91,"column":17},"end":{"line":91,"column":26}}]},"4":{"loc":{"start":{"line":66,"column":12},"end":{"line":66,"column":46}},"type":"binary-expr","locations":[{"start":{"line":66,"column":12},"end":{"line":66,"column":46}},{"start":{"line":66,"column":46},"end":{"line":66,"column":54}}]},"5":{"loc":{"start":{"line":66,"column":38},"end":{"line":66,"column":46}},"type":"cond-expr","locations":[{"start":{"line":66,"column":38},"end":{"line":66,"column":46}},{"start":{"line":66,"column":38},"end":{"line":66,"column":46}}]},"6":{"loc":{"start":{"line":66,"column":12},"end":{"line":66,"column":46}},"type":"binary-expr","locations":[{"start":{"line":66,"column":12},"end":{"line":66,"column":46}},{"start":{"line":66,"column":38},"end":{"line":66,"column":46}}]},"7":{"loc":{"start":{"line":66,"column":26},"end":{"line":66,"column":28}},"type":"cond-expr","locations":[{"start":{"line":66,"column":26},"end":{"line":66,"column":28}},{"start":{"line":66,"column":26},"end":{"line":66,"column":38}}]},"8":{"loc":{"start":{"line":66,"column":12},"end":{"line":66,"column":28}},"type":"binary-expr","locations":[{"start":{"line":66,"column":12},"end":{"line":66,"column":28}},{"start":{"line":66,"column":26},"end":{"line":66,"column":28}}]},"9":{"loc":{"start":{"line":66,"column":19},"end":{"line":66,"column":21}},"type":"cond-expr","locations":[{"start":{"line":66,"column":19},"end":{"line":66,"column":21}},{"start":{"line":66,"column":12},"end":{"line":66,"column":26}}]},"10":{"loc":{"start":{"line":66,"column":12},"end":{"line":66,"column":21}},"type":"binary-expr","locations":[{"start":{"line":66,"column":12},"end":{"line":66,"column":21}},{"start":{"line":66,"column":12},"end":{"line":66,"column":21}}]},"11":{"loc":{"start":{"line":77,"column":28},"end":{"line":77,"column":32}},"type":"cond-expr","locations":[{"start":{"line":77,"column":28},"end":{"line":77,"column":32}},{"start":{"line":77,"column":35},"end":{"line":77,"column":64}}]},"12":{"loc":{"start":{"line":79,"column":6},"end":{"line":79,"column":74}},"type":"if","locations":[{"start":{"line":79,"column":6},"end":{"line":79,"column":74}},{"start":{"line":79,"column":6},"end":{"line":79,"column":74}}]},"13":{"loc":{"start":{"line":97,"column":4},"end":{"line":97,"column":38}},"type":"if","locations":[{"start":{"line":97,"column":4},"end":{"line":97,"column":38}},{"start":{"line":97,"column":4},"end":{"line":97,"column":38}}]},"14":{"loc":{"start":{"line":99,"column":4},"end":{"line":103,"column":null}},"type":"if","locations":[{"start":{"line":99,"column":4},"end":{"line":103,"column":null}},{"start":{"line":99,"column":4},"end":{"line":103,"column":null}}]},"15":{"loc":{"start":{"line":109,"column":4},"end":{"line":111,"column":null}},"type":"if","locations":[{"start":{"line":109,"column":4},"end":{"line":111,"column":null}},{"start":{"line":109,"column":4},"end":{"line":111,"column":null}}]},"16":{"loc":{"start":{"line":112,"column":12},"end":{"line":112,"column":25}},"type":"binary-expr","locations":[{"start":{"line":112,"column":12},"end":{"line":112,"column":25}},{"start":{"line":112,"column":29},"end":{"line":112,"column":31}}]},"17":{"loc":{"start":{"line":115,"column":8},"end":{"line":117,"column":null}},"type":"if","locations":[{"start":{"line":115,"column":8},"end":{"line":117,"column":null}},{"start":{"line":115,"column":8},"end":{"line":117,"column":null}}]},"18":{"loc":{"start":{"line":129,"column":4},"end":{"line":131,"column":null}},"type":"if","locations":[{"start":{"line":129,"column":4},"end":{"line":131,"column":null}},{"start":{"line":129,"column":4},"end":{"line":131,"column":null}}]},"19":{"loc":{"start":{"line":137,"column":4},"end":{"line":139,"column":null}},"type":"if","locations":[{"start":{"line":137,"column":4},"end":{"line":139,"column":null}},{"start":{"line":137,"column":4},"end":{"line":139,"column":null}}]},"20":{"loc":{"start":{"line":156,"column":12},"end":{"line":156,"column":33}},"type":"binary-expr","locations":[{"start":{"line":156,"column":12},"end":{"line":156,"column":33}},{"start":{"line":156,"column":37},"end":{"line":156,"column":43}}]},"21":{"loc":{"start":{"line":161,"column":4},"end":{"line":163,"column":null}},"type":"if","locations":[{"start":{"line":161,"column":4},"end":{"line":163,"column":null}},{"start":{"line":161,"column":4},"end":{"line":163,"column":null}}]},"22":{"loc":{"start":{"line":175,"column":4},"end":{"line":177,"column":null}},"type":"if","locations":[{"start":{"line":175,"column":4},"end":{"line":177,"column":null}},{"start":{"line":175,"column":4},"end":{"line":177,"column":null}}]},"23":{"loc":{"start":{"line":179,"column":4},"end":{"line":184,"column":null}},"type":"if","locations":[{"start":{"line":179,"column":4},"end":{"line":184,"column":null}},{"start":{"line":179,"column":4},"end":{"line":184,"column":null}}]},"24":{"loc":{"start":{"line":198,"column":40},"end":{"line":198,"column":59}},"type":"binary-expr","locations":[{"start":{"line":198,"column":40},"end":{"line":198,"column":59}},{"start":{"line":198,"column":63},"end":{"line":198,"column":65}}]},"25":{"loc":{"start":{"line":213,"column":4},"end":{"line":213,"column":29}},"type":"if","locations":[{"start":{"line":213,"column":4},"end":{"line":213,"column":29}},{"start":{"line":213,"column":4},"end":{"line":213,"column":29}}]},"26":{"loc":{"start":{"line":226,"column":40},"end":{"line":226,"column":57}},"type":"binary-expr","locations":[{"start":{"line":226,"column":40},"end":{"line":226,"column":57}},{"start":{"line":226,"column":61},"end":{"line":226,"column":63}}]},"27":{"loc":{"start":{"line":238,"column":4},"end":{"line":242,"column":null}},"type":"if","locations":[{"start":{"line":238,"column":4},"end":{"line":242,"column":null}},{"start":{"line":238,"column":4},"end":{"line":242,"column":null}}]},"28":{"loc":{"start":{"line":251,"column":4},"end":{"line":251,"column":29}},"type":"if","locations":[{"start":{"line":251,"column":4},"end":{"line":251,"column":29}},{"start":{"line":251,"column":4},"end":{"line":251,"column":29}}]},"29":{"loc":{"start":{"line":253,"column":24},"end":{"line":253,"column":27}},"type":"cond-expr","locations":[{"start":{"line":253,"column":24},"end":{"line":253,"column":27}},{"start":{"line":253,"column":24},"end":{"line":253,"column":44}}]},"30":{"loc":{"start":{"line":253,"column":4},"end":{"line":253,"column":27}},"type":"binary-expr","locations":[{"start":{"line":253,"column":4},"end":{"line":253,"column":27}},{"start":{"line":253,"column":24},"end":{"line":253,"column":27}}]},"31":{"loc":{"start":{"line":253,"column":14},"end":{"line":253,"column":16}},"type":"cond-expr","locations":[{"start":{"line":253,"column":14},"end":{"line":253,"column":16}},{"start":{"line":253,"column":14},"end":{"line":253,"column":24}}]},"32":{"loc":{"start":{"line":253,"column":4},"end":{"line":253,"column":16}},"type":"binary-expr","locations":[{"start":{"line":253,"column":4},"end":{"line":253,"column":16}},{"start":{"line":253,"column":14},"end":{"line":253,"column":16}}]},"33":{"loc":{"start":{"line":267,"column":6},"end":{"line":276,"column":null}},"type":"if","locations":[{"start":{"line":267,"column":6},"end":{"line":276,"column":null}},{"start":{"line":267,"column":6},"end":{"line":276,"column":null}}]},"34":{"loc":{"start":{"line":269,"column":8},"end":{"line":269,"column":47}},"type":"if","locations":[{"start":{"line":269,"column":8},"end":{"line":269,"column":47}},{"start":{"line":269,"column":8},"end":{"line":269,"column":47}}]},"35":{"loc":{"start":{"line":272,"column":10},"end":{"line":272,"column":34}},"type":"if","locations":[{"start":{"line":272,"column":10},"end":{"line":272,"column":34}},{"start":{"line":272,"column":10},"end":{"line":272,"column":34}}]},"36":{"loc":{"start":{"line":277,"column":20},"end":{"line":277,"column":46}},"type":"binary-expr","locations":[{"start":{"line":277,"column":20},"end":{"line":277,"column":46}},{"start":{"line":277,"column":50},"end":{"line":277,"column":56}}]},"37":{"loc":{"start":{"line":277,"column":34},"end":{"line":277,"column":36}},"type":"cond-expr","locations":[{"start":{"line":277,"column":34},"end":{"line":277,"column":36}},{"start":{"line":277,"column":34},"end":{"line":277,"column":46}}]},"38":{"loc":{"start":{"line":277,"column":20},"end":{"line":277,"column":36}},"type":"binary-expr","locations":[{"start":{"line":277,"column":20},"end":{"line":277,"column":36}},{"start":{"line":277,"column":34},"end":{"line":277,"column":36}}]},"39":{"loc":{"start":{"line":277,"column":27},"end":{"line":277,"column":29}},"type":"cond-expr","locations":[{"start":{"line":277,"column":27},"end":{"line":277,"column":29}},{"start":{"line":277,"column":20},"end":{"line":277,"column":34}}]},"40":{"loc":{"start":{"line":277,"column":20},"end":{"line":277,"column":29}},"type":"binary-expr","locations":[{"start":{"line":277,"column":20},"end":{"line":277,"column":29}},{"start":{"line":277,"column":20},"end":{"line":277,"column":29}}]},"41":{"loc":{"start":{"line":283,"column":6},"end":{"line":283,"column":54}},"type":"if","locations":[{"start":{"line":283,"column":6},"end":{"line":283,"column":54}},{"start":{"line":283,"column":6},"end":{"line":283,"column":54}}]},"42":{"loc":{"start":{"line":286,"column":8},"end":{"line":286,"column":32}},"type":"if","locations":[{"start":{"line":286,"column":8},"end":{"line":286,"column":32}},{"start":{"line":286,"column":8},"end":{"line":286,"column":32}}]},"43":{"loc":{"start":{"line":302,"column":6},"end":{"line":302,"column":28}},"type":"if","locations":[{"start":{"line":302,"column":6},"end":{"line":302,"column":28}},{"start":{"line":302,"column":6},"end":{"line":302,"column":28}}]},"44":{"loc":{"start":{"line":305,"column":6},"end":{"line":307,"column":null}},"type":"if","locations":[{"start":{"line":305,"column":6},"end":{"line":307,"column":null}},{"start":{"line":305,"column":6},"end":{"line":307,"column":null}}]}},"s":{"0":0,"1":0,"2":0,"3":0,"4":60,"5":60,"6":60,"7":60,"8":7,"9":0,"10":0,"11":0,"12":0,"13":0,"14":0,"15":0,"16":0,"17":0,"18":0,"19":0,"20":0,"21":8,"22":8,"23":0,"24":8,"25":7,"26":7,"27":0,"28":7,"29":7,"30":550,"31":1,"32":1,"33":1,"34":0,"35":1,"36":71,"37":71,"38":0,"39":71,"40":8,"41":8,"42":0,"43":43,"44":52,"45":52,"46":0,"47":146,"48":146,"49":52,"50":94,"51":0,"52":94,"53":1,"54":1,"55":1,"56":1,"57":1,"58":7,"59":51,"60":51,"61":0,"62":51,"63":43,"64":43,"65":43,"66":43,"67":43,"68":43,"69":43,"70":0,"71":43,"72":0,"73":0,"74":0,"75":0,"76":0,"77":0,"78":0,"79":2,"80":2,"81":10,"82":8,"83":8,"84":5,"85":3,"86":6,"87":6,"88":0,"89":6,"90":3,"91":2,"92":2,"93":2,"94":0,"95":2,"96":2,"97":2,"98":0,"99":2,"100":2,"101":2,"102":1,"103":1,"104":1,"105":0,"106":1,"107":1,"108":0,"109":1,"110":0,"111":8,"112":7,"113":5,"114":32,"115":32,"116":1},"f":{"0":0,"1":0,"2":60,"3":7,"4":0,"5":0,"6":8,"7":7,"8":7,"9":550,"10":1,"11":1,"12":71,"13":8,"14":8,"15":0,"16":43,"17":52,"18":146,"19":1,"20":51,"21":43,"22":0,"23":0,"24":2,"25":10,"26":1,"27":8,"28":7,"29":5,"30":32},"b":{"0":[0,0],"1":[60,0],"2":[0,60],"3":[60,60],"4":[7,0],"5":[0,7],"6":[7,7],"7":[0,7],"8":[7,7],"9":[0,7],"10":[7,7],"11":[0,0],"12":[0,0],"13":[0,0],"14":[0,0],"15":[0,8],"16":[8,3],"17":[0,7],"18":[0,1],"19":[0,71],"20":[43,0],"21":[52,0],"22":[52,94],"23":[0,94],"24":[1,1],"25":[0,51],"26":[43,26],"27":[0,43],"28":[0,0],"29":[0,0],"30":[0,0],"31":[0,0],"32":[0,0],"33":[8,2],"34":[5,3],"35":[0,6],"36":[2,0],"37":[0,2],"38":[2,2],"39":[0,2],"40":[2,2],"41":[0,2],"42":[0,2],"43":[0,1],"44":[0,1]}}
}
