TN:
SF:/home/andmzr/funstruct/src/tree/tree.ts
FN:1,uuidv4
FN:2,(anonymous_1)
FN:84,(anonymous_2)
FN:56,(anonymous_3)
FN:72,(anonymous_4)
FN:95,(anonymous_5)
FN:107,(anonymous_6)
FN:113,(anonymous_7)
FN:120,(anonymous_8)
FN:123,(anonymous_9)
FN:127,(anonymous_10)
FN:128,(anonymous_11)
FN:135,(anonymous_12)
FN:142,(anonymous_13)
FN:145,(anonymous_14)
FN:148,(anonymous_15)
FN:155,(anonymous_16)
FN:158,(anonymous_17)
FN:173,(anonymous_18)
FN:192,(anonymous_19)
FN:211,(anonymous_20)
FN:221,(anonymous_21)
FN:249,(anonymous_22)
FN:252,(anonymous_23)
FN:261,(anonymous_24)
FN:263,(anonymous_25)
FN:293,(anonymous_26)
FN:312,(anonymous_27)
FN:316,(anonymous_28)
FN:322,(anonymous_29)
FN:323,(anonymous_30)
FNF:31
FNH:24
FNDA:0,uuidv4
FNDA:0,(anonymous_1)
FNDA:60,(anonymous_2)
FNDA:7,(anonymous_3)
FNDA:0,(anonymous_4)
FNDA:0,(anonymous_5)
FNDA:8,(anonymous_6)
FNDA:7,(anonymous_7)
FNDA:7,(anonymous_8)
FNDA:550,(anonymous_9)
FNDA:1,(anonymous_10)
FNDA:1,(anonymous_11)
FNDA:71,(anonymous_12)
FNDA:8,(anonymous_13)
FNDA:8,(anonymous_14)
FNDA:0,(anonymous_15)
FNDA:43,(anonymous_16)
FNDA:52,(anonymous_17)
FNDA:146,(anonymous_18)
FNDA:1,(anonymous_19)
FNDA:51,(anonymous_20)
FNDA:43,(anonymous_21)
FNDA:0,(anonymous_22)
FNDA:0,(anonymous_23)
FNDA:2,(anonymous_24)
FNDA:10,(anonymous_25)
FNDA:1,(anonymous_26)
FNDA:8,(anonymous_27)
FNDA:7,(anonymous_28)
FNDA:5,(anonymous_29)
FNDA:32,(anonymous_30)
DA:2,0
DA:3,0
DA:4,0
DA:5,0
DA:49,1
DA:63,7
DA:77,0
DA:78,0
DA:79,0
DA:81,0
DA:85,60
DA:91,60
DA:92,60
DA:93,60
DA:96,0
DA:97,0
DA:98,0
DA:99,0
DA:100,0
DA:104,0
DA:108,8
DA:109,8
DA:110,0
DA:112,8
DA:114,7
DA:115,7
DA:116,0
DA:118,7
DA:120,7
DA:124,550
DA:128,1
DA:129,1
DA:130,0
DA:132,1
DA:136,71
DA:137,71
DA:138,0
DA:140,71
DA:143,8
DA:146,8
DA:149,0
DA:156,43
DA:161,52
DA:162,52
DA:164,0
DA:174,146
DA:175,146
DA:176,52
DA:179,94
DA:180,0
DA:186,94
DA:193,1
DA:194,1
DA:195,1
DA:201,1
DA:206,1
DA:207,7
DA:212,51
DA:213,51
DA:214,51
DA:222,43
DA:223,43
DA:224,43
DA:229,43
DA:236,43
DA:237,43
DA:238,43
DA:239,0
DA:243,43
DA:250,0
DA:251,0
DA:252,0
DA:253,0
DA:254,0
DA:262,2
DA:263,2
DA:267,10
DA:268,8
DA:269,8
DA:270,3
DA:271,6
DA:272,6
DA:273,6
DA:275,3
DA:277,2
DA:278,2
DA:283,2
DA:284,2
DA:285,2
DA:286,2
DA:287,2
DA:289,2
DA:291,2
DA:300,1
DA:301,1
DA:302,1
DA:304,1
DA:305,1
DA:306,0
DA:308,1
DA:310,0
DA:313,8
DA:317,7
DA:323,5
DA:324,32
DA:325,32
LF:106
LH:77
BRDA:4,0,0,0
BRDA:4,0,1,0
BRDA:91,1,0,60
BRDA:91,1,1,0
BRDA:91,2,0,0
BRDA:91,2,1,60
BRDA:91,3,0,60
BRDA:91,3,1,60
BRDA:66,4,0,7
BRDA:66,4,1,0
BRDA:66,5,0,0
BRDA:66,5,1,7
BRDA:66,6,0,7
BRDA:66,6,1,7
BRDA:66,7,0,0
BRDA:66,7,1,7
BRDA:66,8,0,7
BRDA:66,8,1,7
BRDA:66,9,0,0
BRDA:66,9,1,7
BRDA:66,10,0,7
BRDA:66,10,1,7
BRDA:77,11,0,0
BRDA:77,11,1,0
BRDA:79,12,0,0
BRDA:79,12,1,0
BRDA:97,13,0,0
BRDA:97,13,1,0
BRDA:99,14,0,0
BRDA:99,14,1,0
BRDA:109,15,0,0
BRDA:109,15,1,8
BRDA:112,16,0,8
BRDA:112,16,1,3
BRDA:115,17,0,0
BRDA:115,17,1,7
BRDA:129,18,0,0
BRDA:129,18,1,1
BRDA:137,19,0,0
BRDA:137,19,1,71
BRDA:156,20,0,43
BRDA:156,20,1,0
BRDA:161,21,0,52
BRDA:161,21,1,0
BRDA:175,22,0,52
BRDA:175,22,1,94
BRDA:179,23,0,0
BRDA:179,23,1,94
BRDA:198,24,0,1
BRDA:198,24,1,1
BRDA:213,25,0,0
BRDA:213,25,1,51
BRDA:226,26,0,43
BRDA:226,26,1,26
BRDA:238,27,0,0
BRDA:238,27,1,43
BRDA:251,28,0,0
BRDA:251,28,1,0
BRDA:253,29,0,0
BRDA:253,29,1,0
BRDA:253,30,0,0
BRDA:253,30,1,0
BRDA:253,31,0,0
BRDA:253,31,1,0
BRDA:253,32,0,0
BRDA:253,32,1,0
BRDA:267,33,0,8
BRDA:267,33,1,2
BRDA:269,34,0,5
BRDA:269,34,1,3
BRDA:272,35,0,0
BRDA:272,35,1,6
BRDA:277,36,0,2
BRDA:277,36,1,0
BRDA:277,37,0,0
BRDA:277,37,1,2
BRDA:277,38,0,2
BRDA:277,38,1,2
BRDA:277,39,0,0
BRDA:277,39,1,2
BRDA:277,40,0,2
BRDA:277,40,1,2
BRDA:283,41,0,0
BRDA:283,41,1,2
BRDA:286,42,0,0
BRDA:286,42,1,2
BRDA:302,43,0,0
BRDA:302,43,1,1
BRDA:305,44,0,0
BRDA:305,44,1,1
BRF:90
BRH:47
end_of_record
